<?xml version="1.0" encoding="UTF-8"?>
<!-- Generated by org.testng.reporters.JUnitReportReporter -->
<testsuite hostname="DESKTOP-I5MRKJ2" name="com.ayantsoft.testng.maven.GroupExample" tests="3" failures="0" timestamp="12 Mar 2019 05:30:11 GMT" time="0.015" errors="0">
  <testcase name="testCase2" time="0.002" classname="com.ayantsoft.testng.maven.GroupExample"/>
  <testcase name="testCase3" time="0.001" classname="com.ayantsoft.testng.maven.GroupExample"/>
  <testcase name="testCase1" time="0.012" classname="com.ayantsoft.testng.maven.GroupExample"/>
</testsuite> <!-- com.ayantsoft.testng.maven.GroupExample -->
