<?xml version="1.0" encoding="UTF-8"?>
<!-- Generated by org.testng.reporters.JUnitReportReporter -->
<testsuite hostname="somnath-HP-EliteBook-8470p" name="com.javacodegeeks.testng.maven.TestNgMavenExample" tests="1" failures="0" timestamp="19 Feb 2019 12:36:12 GMT" time="0.015" errors="0">
  <testcase name="exampleOfTestNgMaven" time="0.015" classname="com.javacodegeeks.testng.maven.TestNgMavenExample"/>
</testsuite> <!-- com.javacodegeeks.testng.maven.TestNgMavenExample -->
