<?xml version="1.0" encoding="UTF-8"?>
<!-- Generated by org.testng.reporters.JUnitReportReporter -->
<testsuite hostname="DESKTOP-I5MRKJ2" name="com.ayantsoft.testng.maven.ParameterTesting" tests="1" failures="0" timestamp="12 Mar 2019 05:30:25 GMT" time="0.009" errors="0">
  <testcase name="parameterTest" time="0.009" classname="com.ayantsoft.testng.maven.ParameterTesting"/>
</testsuite> <!-- com.ayantsoft.testng.maven.ParameterTesting -->
