<?xml version="1.0" encoding="UTF-8"?>
<!-- Generated by org.testng.reporters.JUnitReportReporter -->
<testsuite hostname="DESKTOP-I5MRKJ2" name="com.ayantsoft.testng.maven.TestNgMavenSecondClass" tests="1" failures="0" timestamp="12 Mar 2019 05:30:39 GMT" time="0.010" errors="0">
  <testcase name="testCase2" time="0.010" classname="com.ayantsoft.testng.maven.TestNgMavenSecondClass"/>
</testsuite> <!-- com.ayantsoft.testng.maven.TestNgMavenSecondClass -->
