<?xml version="1.0" encoding="UTF-8"?>
<!-- Generated by org.testng.reporters.JUnitReportReporter -->
<testsuite hostname="DESKTOP-I5MRKJ2" name="com.ayantsoft.testng.maven.EmpTestDetails" tests="2" failures="0" timestamp="12 Mar 2019 05:50:07 GMT" time="0.000" errors="0">
  <testcase name="testCalculateAppriasal" time="0.000" classname="com.ayantsoft.testng.maven.EmpTestDetails"/>
  <testcase name="testCalculateYearlySalary" time="0.000" classname="com.ayantsoft.testng.maven.EmpTestDetails"/>
</testsuite> <!-- com.ayantsoft.testng.maven.EmpTestDetails -->
